Using pre-set license
Built from '2020.2/release' branch; Version is '2020.2.2f1 (068178b99f32) revision 426360'; Using compiler version '192528614'; Build Type 'Release'
OS: 'Windows 10 Home Single Language; OS build 19042.1288; Version 2009; 64bit' Language: 'es' Physical Memory: 16177 MB
BatchMode: 1, IsHumanControllingUs: 0, StartBugReporterOnCrash: 0, Is64bit: 1, IsPro: 0

 COMMAND LINE ARGUMENTS:
C:\Program Files\Unity\Hub\Editor\2020.2.2f1\Editor\Unity.exe
-adb2
-batchMode
-noUpm
-name
AssetImportWorker0
-projectPath
C:/Users/ariel/OneDrive/Documentos/Rushlight/Dark
-logFile
Logs/AssetImportWorker0.log
-srvPort
50136
Successfully changed project path to: C:/Users/ariel/OneDrive/Documentos/Rushlight/Dark
C:/Users/ariel/OneDrive/Documentos/Rushlight/Dark
Using Asset Import Pipeline V2.
Refreshing native plugins compatible for Editor in 24.88 ms, found 0 plugins.
Preloading 0 native plugins for Editor in 0.00 ms.
Initialize engine version: 2020.2.2f1 (068178b99f32)
[Subsystems] Discovering subsystems at path C:/Program Files/Unity/Hub/Editor/2020.2.2f1/Editor/Data/Resources/UnitySubsystems
[Subsystems] Discovering subsystems at path C:/Users/ariel/OneDrive/Documentos/Rushlight/Dark/Assets
GfxDevice: creating device client; threaded=0
Direct3D:
    Version:  Direct3D 11.0 [level 11.1]
    Renderer: NVIDIA GeForce GTX 1650 Ti (ID=0x1f95)
    Vendor:   
    VRAM:     3962 MB
    Driver:   27.21.14.6231
Initialize mono
Mono path[0] = 'C:/Program Files/Unity/Hub/Editor/2020.2.2f1/Editor/Data/Managed'
Mono path[1] = 'C:/Program Files/Unity/Hub/Editor/2020.2.2f1/Editor/Data/MonoBleedingEdge/lib/mono/unityjit'
Mono config path = 'C:/Program Files/Unity/Hub/Editor/2020.2.2f1/Editor/Data/MonoBleedingEdge/etc'
Using monoOptions --debugger-agent=transport=dt_socket,embedding=1,server=y,suspend=n,address=127.0.0.1:56124
Begin MonoManager ReloadAssembly
Registering precompiled unity dll's ...
Register platform support module: C:/Program Files/Unity/Hub/Editor/2020.2.2f1/Editor/Data/PlaybackEngines/WindowsStandaloneSupport/UnityEditor.WindowsStandalone.Extensions.dll
Registered in 0.003477 seconds.
Native extension for WindowsStandalone target not found
Refreshing native plugins compatible for Editor in 22.92 ms, found 0 plugins.
Preloading 0 native plugins for Editor in 0.00 ms.
Invoked RoslynAnalysisRunner static constructor.
RoslynAnalysisRunner will not be running.
RoslynAnalysisRunner has terminated.
Mono: successfully reloaded assembly
- Completed reload, in  3.552 seconds
Platform modules already initialized, skipping
Registering precompiled user dll's ...
Registered in 0.001593 seconds.
Begin MonoManager ReloadAssembly
Native extension for WindowsStandalone target not found
Refreshing native plugins compatible for Editor in 0.20 ms, found 0 plugins.
Preloading 0 native plugins for Editor in 0.00 ms.
Invoked RoslynAnalysisRunner static constructor.
RoslynAnalysisRunner will not be running.
RoslynAnalysisRunner has terminated.
Mono: successfully reloaded assembly
- Completed reload, in  0.863 seconds
Platform modules already initialized, skipping
========================================================================
Worker process is ready to serve import requests
Launched and connected shader compiler UnityShaderCompiler.exe after 0.05 seconds
Refreshing native plugins compatible for Editor in 0.17 ms, found 0 plugins.
Preloading 0 native plugins for Editor in 0.00 ms.
Unloading 1104 Unused Serialized files (Serialized files now loaded: 0)
System memory in use before: 56.9 MB.
System memory in use after: 56.9 MB.

Unloading 10 unused Assets to reduce memory usage. Loaded Objects now: 1545.
Total: 2.453500 ms (FindLiveObjects: 0.334700 ms CreateObjectMapping: 0.142800 ms MarkObjects: 1.896700 ms  DeleteObjects: 0.077600 ms)

========================================================================
Received Import Request.
  path: Assets/Movement.cs
  artifactKey: Guid(5bbaf6c84e006c945a552474dda28604) Importer(815301076,1909f56bfc062723c751e8b465ee728b)
Start importing Assets/Movement.cs using Guid(5bbaf6c84e006c945a552474dda28604) Importer(815301076,1909f56bfc062723c751e8b465ee728b)  -> (artifact id: 'b38776fc5879560c56e2d7fec128c9f9') in 0.028103 seconds
  Import took 0.032687 seconds .

========================================================================
Received Import Request.
  Time since last request: 2264.945685 seconds.
  path: Assets/Switch_Light.cs
  artifactKey: Guid(3769204f781923e4c8ef9295a629b8c0) Importer(815301076,1909f56bfc062723c751e8b465ee728b)
Start importing Assets/Switch_Light.cs using Guid(3769204f781923e4c8ef9295a629b8c0) Importer(815301076,1909f56bfc062723c751e8b465ee728b)  -> (artifact id: 'cf827c692f7f19122f13df565b33236f') in 0.004117 seconds
  Import took 0.008627 seconds .

========================================================================
Received Import Request.
  Time since last request: 0.001409 seconds.
  path: Assets/Switch_Light.cs
  artifactKey: Guid(3769204f781923e4c8ef9295a629b8c0) Importer(815301076,1909f56bfc062723c751e8b465ee728b)
Start importing Assets/Switch_Light.cs using Guid(3769204f781923e4c8ef9295a629b8c0) Importer(815301076,1909f56bfc062723c751e8b465ee728b)  -> (artifact id: 'cf827c692f7f19122f13df565b33236f') in 0.003323 seconds
  Import took 0.007595 seconds .

========================================================================
Received Prepare
Registering precompiled user dll's ...
Registered in 0.000924 seconds.
Begin MonoManager ReloadAssembly
Native extension for WindowsStandalone target not found
Refreshing native plugins compatible for Editor in 0.19 ms, found 0 plugins.
Preloading 0 native plugins for Editor in 0.00 ms.
Invoked RoslynAnalysisRunner static constructor.
RoslynAnalysisRunner will not be running.
RoslynAnalysisRunner has terminated.
Mono: successfully reloaded assembly
- Completed reload, in  0.753 seconds
Platform modules already initialized, skipping
Refreshing native plugins compatible for Editor in 0.17 ms, found 0 plugins.
Preloading 0 native plugins for Editor in 0.00 ms.
Unloading 1099 Unused Serialized files (Serialized files now loaded: 0)
System memory in use before: 57.0 MB.
System memory in use after: 57.1 MB.

Unloading 5 unused Assets to reduce memory usage. Loaded Objects now: 1547.
Total: 1.471200 ms (FindLiveObjects: 0.172900 ms CreateObjectMapping: 0.031800 ms MarkObjects: 1.161600 ms  DeleteObjects: 0.104100 ms)

